{"/home/clevanilson/develop/cs-trading-platform/frontend/src/App.vue": {"path":"/home/clevanilson/develop/cs-trading-platform/frontend/src/App.vue","statementMap":{"0":{"start":{"line":5,"column":7},"end":{"line":5,"column":null}},"1":{"start":{"line":5,"column":2},"end":{"line":7,"column":null}}},"fnMap":{},"branchMap":{"0":{"loc":{"start":{"line":6,"column":4},"end":{"line":6,"column":67}},"type":"binary-expr","locations":[{"start":{"line":6,"column":4},"end":{"line":6,"column":8}},{"start":{"line":6,"column":4},"end":{"line":6,"column":67}}],"line":6}},"s":{"0":1,"1":1},"f":{},"b":{"0":[1,1]},"meta":{"lastBranch":1,"lastFunction":0,"lastStatement":2,"seen":{"s:5:7:5:Infinity":0,"s:5:2:7:Infinity":1,"b:6:4:6:8:6:4:6:67":0},"fnNames":{}}}
,"/home/clevanilson/develop/cs-trading-platform/frontend/src/config/api.ts": {"path":"/home/clevanilson/develop/cs-trading-platform/frontend/src/config/api.ts","statementMap":{"0":{"start":{"line":8,"column":40},"end":{"line":11,"column":null}},"1":{"start":{"line":13,"column":37},"end":{"line":16,"column":null}},"2":{"start":{"line":19,"column":2},"end":{"line":22,"column":null}},"3":{"start":{"line":26,"column":2},"end":{"line":29,"column":null}},"4":{"start":{"line":33,"column":18},"end":{"line":33,"column":null}},"5":{"start":{"line":35,"column":2},"end":{"line":46,"column":null}},"6":{"start":{"line":39,"column":33},"end":{"line":39,"column":null}},"7":{"start":{"line":44,"column":33},"end":{"line":44,"column":null}}},"fnMap":{"0":{"name":"getBrowserApiUrls","decl":{"start":{"line":18,"column":16},"end":{"line":18,"column":34}},"loc":{"start":{"line":18,"column":58},"end":{"line":23,"column":null}},"line":18},"1":{"name":"getDevProxyTargets","decl":{"start":{"line":25,"column":16},"end":{"line":25,"column":35}},"loc":{"start":{"line":25,"column":59},"end":{"line":30,"column":null}},"line":25},"2":{"name":"createApiProxyConfig","decl":{"start":{"line":32,"column":16},"end":{"line":32,"column":37}},"loc":{"start":{"line":32,"column":61},"end":{"line":47,"column":null}},"line":32},"3":{"name":"(anonymous_3)","decl":{"start":{"line":39,"column":6},"end":{"line":39,"column":16}},"loc":{"start":{"line":39,"column":33},"end":{"line":39,"column":null}},"line":39},"4":{"name":"(anonymous_4)","decl":{"start":{"line":44,"column":6},"end":{"line":44,"column":16}},"loc":{"start":{"line":44,"column":33},"end":{"line":44,"column":null}},"line":44}},"branchMap":{"0":{"loc":{"start":{"line":18,"column":34},"end":{"line":18,"column":58}},"type":"default-arg","locations":[{"start":{"line":18,"column":54},"end":{"line":18,"column":58}}],"line":18},"1":{"loc":{"start":{"line":20,"column":13},"end":{"line":20,"column":null}},"type":"binary-expr","locations":[{"start":{"line":20,"column":13},"end":{"line":20,"column":41}},{"start":{"line":20,"column":41},"end":{"line":20,"column":null}}],"line":20},"2":{"loc":{"start":{"line":21,"column":11},"end":{"line":21,"column":null}},"type":"binary-expr","locations":[{"start":{"line":21,"column":11},"end":{"line":21,"column":37}},{"start":{"line":21,"column":37},"end":{"line":21,"column":null}}],"line":21},"3":{"loc":{"start":{"line":25,"column":35},"end":{"line":25,"column":59}},"type":"default-arg","locations":[{"start":{"line":25,"column":55},"end":{"line":25,"column":59}}],"line":25},"4":{"loc":{"start":{"line":27,"column":13},"end":{"line":27,"column":null}},"type":"binary-expr","locations":[{"start":{"line":27,"column":13},"end":{"line":27,"column":41}},{"start":{"line":27,"column":41},"end":{"line":27,"column":null}}],"line":27},"5":{"loc":{"start":{"line":28,"column":11},"end":{"line":28,"column":null}},"type":"binary-expr","locations":[{"start":{"line":28,"column":11},"end":{"line":28,"column":37}},{"start":{"line":28,"column":37},"end":{"line":28,"column":null}}],"line":28},"6":{"loc":{"start":{"line":32,"column":37},"end":{"line":32,"column":61}},"type":"default-arg","locations":[{"start":{"line":32,"column":57},"end":{"line":32,"column":61}}],"line":32}},"s":{"0":1,"1":1,"2":1,"3":3,"4":2,"5":2,"6":1,"7":1},"f":{"0":1,"1":3,"2":2,"3":1,"4":1},"b":{"0":[1],"1":[1,1],"2":[1,1],"3":[3],"4":[3,2],"5":[3,2],"6":[2]},"meta":{"lastBranch":7,"lastFunction":5,"lastStatement":8,"seen":{"s:8:40:11:Infinity":0,"s:13:37:16:Infinity":1,"f:18:16:18:34":0,"b:18:54:18:58":0,"s:19:2:22:Infinity":2,"b:20:13:20:41:20:41:20:Infinity":1,"b:21:11:21:37:21:37:21:Infinity":2,"f:25:16:25:35":1,"b:25:55:25:59":3,"s:26:2:29:Infinity":3,"b:27:13:27:41:27:41:27:Infinity":4,"b:28:11:28:37:28:37:28:Infinity":5,"f:32:16:32:37":2,"b:32:57:32:61":6,"s:33:18:33:Infinity":4,"s:35:2:46:Infinity":5,"f:39:6:39:16":3,"s:39:33:39:Infinity":6,"f:44:6:44:16":4,"s:44:33:44:Infinity":7},"fnNames":{}}}
,"/home/clevanilson/develop/cs-trading-platform/frontend/src/router/index.ts": {"path":"/home/clevanilson/develop/cs-trading-platform/frontend/src/router/index.ts","statementMap":{"0":{"start":{"line":3,"column":6},"end":{"line":6,"column":null}}},"fnMap":{},"branchMap":{},"s":{"0":1},"f":{},"b":{},"meta":{"lastBranch":0,"lastFunction":0,"lastStatement":1,"seen":{"s:3:6:6:Infinity":0},"fnNames":{}}}
}
